<?xml version="1.0" encoding="UTF-8"?>
<testsuite xmlns:xsi="http://www.w3.org/2001/XMLSchema-instance" xsi:noNamespaceSchemaLocation="https://maven.apache.org/surefire/maven-surefire-plugin/xsd/surefire-test-report.xsd" version="3.0.2" name="com.devupvers.App.AppApplicationTests" time="3.895" tests="1" errors="0" skipped="0" failures="0">
  <properties>
[...]
</properties>
  <testcase name="contextLoads" classname="com.devupvers.App.AppApplicationTests" time="0.83">
    <system-out><![CDATA[11:40:05.947 [main] INFO org.springframework.test.context.support.AnnotationConfigContextLoaderUtils -- Could not detect default configuration classes for test class [com.devupvers.App.AppApplicationTests]: AppApplicationTests does not declare any static, non-private, non-final, nested classes annotated with @Configuration.
11:40:06.062 [main] INFO org.springframework.boot.test.context.SpringBootTestContextBootstrapper -- Found @SpringBootConfiguration com.devupvers.App.AppApplication for test class com.devupvers.App.AppApplicationTests

  .   ____          _            __ _ _
 /\\ / ___'_ __ _ _(_)_ __  __ _ \ \ \ \
( ( )\___ | '_ | '_| | '_ \/ _` | \ \ \ \
 \\/  ___)| |_)| | | | | || (_| |  ) ) ) )
  '  |____| .__|_| |_|_| |_\__, | / / / /
 =========|_|==============|___/=/_/_/_/

 :: Spring Boot ::                (v3.4.0)

2024-12-23T11:40:06.595+05:30  INFO 5168 --- [Devupers] [           main] com.devupvers.App.AppApplicationTests    : Starting AppApplicationTests using Java 17.0.10 with PID 5168 (started by rohit in E:\springboot- render\render)
2024-12-23T11:40:06.597+05:30  INFO 5168 --- [Devupers] [           main] com.devupvers.App.AppApplicationTests    : No active profile set, falling back to 1 default profile: "default"
2024-12-23T11:40:07.204+05:30  INFO 5168 --- [Devupers] [           main] .s.d.r.c.RepositoryConfigurationDelegate : Bootstrapping Spring Data MongoDB repositories in DEFAULT mode.
2024-12-23T11:40:07.258+05:30  INFO 5168 --- [Devupers] [           main] .s.d.r.c.RepositoryConfigurationDelegate : Finished Spring Data repository scanning in 46 ms. Found 1 MongoDB repository interface.
2024-12-23T11:40:07.742+05:30  INFO 5168 --- [Devupers] [gtx.mongodb.net] org.mongodb.driver.cluster               : Adding discovered server devupvers-shard-00-02.yzgtx.mongodb.net:27017 to client view of cluster
2024-12-23T11:40:07.770+05:30  INFO 5168 --- [Devupers] [           main] org.mongodb.driver.client                : MongoClient with metadata {"driver": {"name": "mongo-java-driver|sync", "version": "5.2.1"}, "os": {"type": "Windows", "name": "Windows 11", "architecture": "amd64", "version": "10.0"}, "platform": "Java/Amazon.com Inc./17.0.10+7-LTS"} created with settings MongoClientSettings{readPreference=primary, writeConcern=WriteConcern{w=null, wTimeout=null ms, journal=null}, retryWrites=true, retryReads=true, readConcern=ReadConcern{level=null}, credential=MongoCredential{mechanism=null, userName='rohithroy14u', source='admin', password=<hidden>, mechanismProperties=<hidden>}, transportSettings=null, commandListeners=[], codecRegistry=ProvidersCodecRegistry{codecProviders=[ValueCodecProvider{}, BsonValueCodecProvider{}, DBRefCodecProvider{}, DBObjectCodecProvider{}, DocumentCodecProvider{}, CollectionCodecProvider{}, IterableCodecProvider{}, MapCodecProvider{}, GeoJsonCodecProvider{}, GridFSFileCodecProvider{}, Jsr310CodecProvider{}, JsonObjectCodecProvider{}, BsonCodecProvider{}, EnumCodecProvider{}, com.mongodb.client.model.mql.ExpressionCodecProvider@405b6d75, com.mongodb.Jep395RecordCodecProvider@682abca7, com.mongodb.KotlinCodecProvider@1d858300]}, loggerSettings=LoggerSettings{maxDocumentLength=1000}, clusterSettings={hosts=[127.0.0.1:27017], srvHost=devupvers.yzgtx.mongodb.net, srvServiceName=mongodb, mode=MULTIPLE, requiredClusterType=REPLICA_SET, requiredReplicaSetName='atlas-hxzl6c-shard-0', serverSelector='null', clusterListeners='[]', serverSelectionTimeout='30000 ms', localThreshold='15 ms'}, socketSettings=SocketSettings{connectTimeoutMS=10000, readTimeoutMS=0, receiveBufferSize=0, proxySettings=ProxySettings{host=null, port=null, username=null, password=null}}, heartbeatSocketSettings=SocketSettings{connectTimeoutMS=10000, readTimeoutMS=10000, receiveBufferSize=0, proxySettings=ProxySettings{host=null, port=null, username=null, password=null}}, connectionPoolSettings=ConnectionPoolSettings{maxSize=100, minSize=0, maxWaitTimeMS=120000, maxConnectionLifeTimeMS=0, maxConnectionIdleTimeMS=0, maintenanceInitialDelayMS=0, maintenanceFrequencyMS=60000, connectionPoolListeners=[], maxConnecting=2}, serverSettings=ServerSettings{heartbeatFrequencyMS=10000, minHeartbeatFrequencyMS=500, serverMonitoringMode=AUTO, serverListeners='[]', serverMonitorListeners='[]'}, sslSettings=SslSettings{enabled=true, invalidHostNameAllowed=false, context=null}, applicationName='null', compressorList=[], uuidRepresentation=UNSPECIFIED, serverApi=null, autoEncryptionSettings=null, dnsClient=null, inetAddressResolver=null, contextProvider=null, timeoutMS=null}
2024-12-23T11:40:07.775+05:30  INFO 5168 --- [Devupers] [gtx.mongodb.net] org.mongodb.driver.cluster               : Adding discovered server devupvers-shard-00-01.yzgtx.mongodb.net:27017 to client view of cluster
2024-12-23T11:40:07.779+05:30  INFO 5168 --- [Devupers] [gtx.mongodb.net] org.mongodb.driver.cluster               : Adding discovered server devupvers-shard-00-00.yzgtx.mongodb.net:27017 to client view of cluster
2024-12-23T11:40:08.180+05:30  INFO 5168 --- [Devupers] [           main] org.mongodb.driver.client                : MongoClient with metadata {"driver": {"name": "mongo-java-driver|sync|spring-boot", "version": "5.2.1"}, "os": {"type": "Windows", "name": "Windows 11", "architecture": "amd64", "version": "10.0"}, "platform": "Java/Amazon.com Inc./17.0.10+7-LTS"} created with settings MongoClientSettings{readPreference=primary, writeConcern=WriteConcern{w=null, wTimeout=null ms, journal=null}, retryWrites=true, retryReads=true, readConcern=ReadConcern{level=null}, credential=MongoCredential{mechanism=null, userName='rohithroy14u', source='admin', password=<hidden>, mechanismProperties=<hidden>}, transportSettings=null, commandListeners=[], codecRegistry=ProvidersCodecRegistry{codecProviders=[ValueCodecProvider{}, BsonValueCodecProvider{}, DBRefCodecProvider{}, DBObjectCodecProvider{}, DocumentCodecProvider{}, CollectionCodecProvider{}, IterableCodecProvider{}, MapCodecProvider{}, GeoJsonCodecProvider{}, GridFSFileCodecProvider{}, Jsr310CodecProvider{}, JsonObjectCodecProvider{}, BsonCodecProvider{}, EnumCodecProvider{}, com.mongodb.client.model.mql.ExpressionCodecProvider@405b6d75, com.mongodb.Jep395RecordCodecProvider@682abca7, com.mongodb.KotlinCodecProvider@1d858300]}, loggerSettings=LoggerSettings{maxDocumentLength=1000}, clusterSettings={hosts=[127.0.0.1:27017], srvHost=devupvers.yzgtx.mongodb.net, srvServiceName=mongodb, mode=MULTIPLE, requiredClusterType=REPLICA_SET, requiredReplicaSetName='atlas-hxzl6c-shard-0', serverSelector='null', clusterListeners='[]', serverSelectionTimeout='30000 ms', localThreshold='15 ms'}, socketSettings=SocketSettings{connectTimeoutMS=10000, readTimeoutMS=0, receiveBufferSize=0, proxySettings=ProxySettings{host=null, port=null, username=null, password=null}}, heartbeatSocketSettings=SocketSettings{connectTimeoutMS=10000, readTimeoutMS=10000, receiveBufferSize=0, proxySettings=ProxySettings{host=null, port=null, username=null, password=null}}, connectionPoolSettings=ConnectionPoolSettings{maxSize=100, minSize=0, maxWaitTimeMS=120000, maxConnectionLifeTimeMS=0, maxConnectionIdleTimeMS=0, maintenanceInitialDelayMS=0, maintenanceFrequencyMS=60000, connectionPoolListeners=[], maxConnecting=2}, serverSettings=ServerSettings{heartbeatFrequencyMS=10000, minHeartbeatFrequencyMS=500, serverMonitoringMode=AUTO, serverListeners='[]', serverMonitorListeners='[]'}, sslSettings=SslSettings{enabled=true, invalidHostNameAllowed=false, context=null}, applicationName='null', compressorList=[], uuidRepresentation=JAVA_LEGACY, serverApi=null, autoEncryptionSettings=null, dnsClient=null, inetAddressResolver=null, contextProvider=null, timeoutMS=null}
2024-12-23T11:40:08.184+05:30  INFO 5168 --- [Devupers] [gtx.mongodb.net] org.mongodb.driver.cluster               : Adding discovered server devupvers-shard-00-02.yzgtx.mongodb.net:27017 to client view of cluster
2024-12-23T11:40:08.187+05:30  INFO 5168 --- [Devupers] [gtx.mongodb.net] org.mongodb.driver.cluster               : Adding discovered server devupvers-shard-00-01.yzgtx.mongodb.net:27017 to client view of cluster
2024-12-23T11:40:08.189+05:30  INFO 5168 --- [Devupers] [gtx.mongodb.net] org.mongodb.driver.cluster               : Adding discovered server devupvers-shard-00-00.yzgtx.mongodb.net:27017 to client view of cluster
2024-12-23T11:40:08.317+05:30  INFO 5168 --- [Devupers] [ngodb.net:27017] org.mongodb.driver.cluster               : Monitor thread successfully connected to server with description ServerDescription{address=devupvers-shard-00-00.yzgtx.mongodb.net:27017, type=REPLICA_SET_SECONDARY, cryptd=false, state=CONNECTED, ok=true, minWireVersion=0, maxWireVersion=25, maxDocumentSize=16777216, logicalSessionTimeoutMinutes=30, roundTripTimeNanos=304879500, minRoundTripTimeNanos=0, setName='atlas-hxzl6c-shard-0', canonicalAddress=devupvers-shard-00-00.yzgtx.mongodb.net:27017, hosts=[devupvers-shard-00-00.yzgtx.mongodb.net:27017, devupvers-shard-00-01.yzgtx.mongodb.net:27017, devupvers-shard-00-02.yzgtx.mongodb.net:27017], passives=[], arbiters=[], primary='devupvers-shard-00-01.yzgtx.mongodb.net:27017', tagSet=TagSet{[Tag{name='availabilityZone', value='aps1-az1'}, Tag{name='diskState', value='READY'}, Tag{name='nodeType', value='ELECTABLE'}, Tag{name='provider', value='AWS'}, Tag{name='region', value='AP_SOUTH_1'}, Tag{name='workloadType', value='OPERATIONAL'}]}, electionId=null, setVersion=139, topologyVersion=TopologyVersion{processId=6766df6357e4db62c97ca840, counter=4}, lastWriteDate=Mon Dec 23 11:40:10 IST 2024, lastUpdateTimeNanos=266074899000}
2024-12-23T11:40:08.318+05:30  INFO 5168 --- [Devupers] [ngodb.net:27017] org.mongodb.driver.cluster               : Monitor thread successfully connected to server with description ServerDescription{address=devupvers-shard-00-01.yzgtx.mongodb.net:27017, type=REPLICA_SET_PRIMARY, cryptd=false, state=CONNECTED, ok=true, minWireVersion=0, maxWireVersion=25, maxDocumentSize=16777216, logicalSessionTimeoutMinutes=30, roundTripTimeNanos=315358700, minRoundTripTimeNanos=0, setName='atlas-hxzl6c-shard-0', canonicalAddress=devupvers-shard-00-01.yzgtx.mongodb.net:27017, hosts=[devupvers-shard-00-00.yzgtx.mongodb.net:27017, devupvers-shard-00-01.yzgtx.mongodb.net:27017, devupvers-shard-00-02.yzgtx.mongodb.net:27017], passives=[], arbiters=[], primary='devupvers-shard-00-01.yzgtx.mongodb.net:27017', tagSet=TagSet{[Tag{name='availabilityZone', value='aps1-az3'}, Tag{name='diskState', value='READY'}, Tag{name='nodeType', value='ELECTABLE'}, Tag{name='provider', value='AWS'}, Tag{name='region', value='AP_SOUTH_1'}, Tag{name='workloadType', value='OPERATIONAL'}]}, electionId=7fffffff0000000000000074, setVersion=139, topologyVersion=TopologyVersion{processId=6766de6e3de43a6077cf4c4b, counter=6}, lastWriteDate=Mon Dec 23 11:40:10 IST 2024, lastUpdateTimeNanos=266074899000}
2024-12-23T11:40:08.318+05:30  INFO 5168 --- [Devupers] [ngodb.net:27017] org.mongodb.driver.cluster               : Monitor thread successfully connected to server with description ServerDescription{address=devupvers-shard-00-02.yzgtx.mongodb.net:27017, type=REPLICA_SET_SECONDARY, cryptd=false, state=CONNECTED, ok=true, minWireVersion=0, maxWireVersion=25, maxDocumentSize=16777216, logicalSessionTimeoutMinutes=30, roundTripTimeNanos=304879800, minRoundTripTimeNanos=0, setName='atlas-hxzl6c-shard-0', canonicalAddress=devupvers-shard-00-02.yzgtx.mongodb.net:27017, hosts=[devupvers-shard-00-00.yzgtx.mongodb.net:27017, devupvers-shard-00-01.yzgtx.mongodb.net:27017, devupvers-shard-00-02.yzgtx.mongodb.net:27017], passives=[], arbiters=[], primary='devupvers-shard-00-01.yzgtx.mongodb.net:27017', tagSet=TagSet{[Tag{name='availabilityZone', value='aps1-az2'}, Tag{name='diskState', value='READY'}, Tag{name='nodeType', value='ELECTABLE'}, Tag{name='provider', value='AWS'}, Tag{name='region', value='AP_SOUTH_1'}, Tag{name='workloadType', value='OPERATIONAL'}]}, electionId=null, setVersion=139, topologyVersion=TopologyVersion{processId=6766e0dc5a9e5a5a4ad3a69b, counter=3}, lastWriteDate=Mon Dec 23 11:40:10 IST 2024, lastUpdateTimeNanos=266074898900}
2024-12-23T11:40:08.322+05:30  INFO 5168 --- [Devupers] [ngodb.net:27017] org.mongodb.driver.cluster               : Discovered replica set primary devupvers-shard-00-01.yzgtx.mongodb.net:27017 with max election id 7fffffff0000000000000074 and max set version 139
2024-12-23T11:40:08.399+05:30  INFO 5168 --- [Devupers] [ngodb.net:27017] org.mongodb.driver.cluster               : Monitor thread successfully connected to server with description ServerDescription{address=devupvers-shard-00-02.yzgtx.mongodb.net:27017, type=REPLICA_SET_SECONDARY, cryptd=false, state=CONNECTED, ok=true, minWireVersion=0, maxWireVersion=25, maxDocumentSize=16777216, logicalSessionTimeoutMinutes=30, roundTripTimeNanos=162548700, minRoundTripTimeNanos=0, setName='atlas-hxzl6c-shard-0', canonicalAddress=devupvers-shard-00-02.yzgtx.mongodb.net:27017, hosts=[devupvers-shard-00-00.yzgtx.mongodb.net:27017, devupvers-shard-00-01.yzgtx.mongodb.net:27017, devupvers-shard-00-02.yzgtx.mongodb.net:27017], passives=[], arbiters=[], primary='devupvers-shard-00-01.yzgtx.mongodb.net:27017', tagSet=TagSet{[Tag{name='availabilityZone', value='aps1-az2'}, Tag{name='diskState', value='READY'}, Tag{name='nodeType', value='ELECTABLE'}, Tag{name='provider', value='AWS'}, Tag{name='region', value='AP_SOUTH_1'}, Tag{name='workloadType', value='OPERATIONAL'}]}, electionId=null, setVersion=139, topologyVersion=TopologyVersion{processId=6766e0dc5a9e5a5a4ad3a69b, counter=3}, lastWriteDate=Mon Dec 23 11:40:10 IST 2024, lastUpdateTimeNanos=266161333599}
2024-12-23T11:40:08.417+05:30  INFO 5168 --- [Devupers] [ngodb.net:27017] org.mongodb.driver.cluster               : Monitor thread successfully connected to server with description ServerDescription{address=devupvers-shard-00-01.yzgtx.mongodb.net:27017, type=REPLICA_SET_PRIMARY, cryptd=false, state=CONNECTED, ok=true, minWireVersion=0, maxWireVersion=25, maxDocumentSize=16777216, logicalSessionTimeoutMinutes=30, roundTripTimeNanos=161036300, minRoundTripTimeNanos=0, setName='atlas-hxzl6c-shard-0', canonicalAddress=devupvers-shard-00-01.yzgtx.mongodb.net:27017, hosts=[devupvers-shard-00-00.yzgtx.mongodb.net:27017, devupvers-shard-00-01.yzgtx.mongodb.net:27017, devupvers-shard-00-02.yzgtx.mongodb.net:27017], passives=[], arbiters=[], primary='devupvers-shard-00-01.yzgtx.mongodb.net:27017', tagSet=TagSet{[Tag{name='availabilityZone', value='aps1-az3'}, Tag{name='diskState', value='READY'}, Tag{name='nodeType', value='ELECTABLE'}, Tag{name='provider', value='AWS'}, Tag{name='region', value='AP_SOUTH_1'}, Tag{name='workloadType', value='OPERATIONAL'}]}, electionId=7fffffff0000000000000074, setVersion=139, topologyVersion=TopologyVersion{processId=6766de6e3de43a6077cf4c4b, counter=6}, lastWriteDate=Mon Dec 23 11:40:10 IST 2024, lastUpdateTimeNanos=266179344800}
2024-12-23T11:40:08.418+05:30  INFO 5168 --- [Devupers] [ngodb.net:27017] org.mongodb.driver.cluster               : Discovered replica set primary devupvers-shard-00-01.yzgtx.mongodb.net:27017 with max election id 7fffffff0000000000000074 and max set version 139
2024-12-23T11:40:08.493+05:30  INFO 5168 --- [Devupers] [ngodb.net:27017] org.mongodb.driver.cluster               : Monitor thread successfully connected to server with description ServerDescription{address=devupvers-shard-00-00.yzgtx.mongodb.net:27017, type=REPLICA_SET_SECONDARY, cryptd=false, state=CONNECTED, ok=true, minWireVersion=0, maxWireVersion=25, maxDocumentSize=16777216, logicalSessionTimeoutMinutes=30, roundTripTimeNanos=236804601, minRoundTripTimeNanos=0, setName='atlas-hxzl6c-shard-0', canonicalAddress=devupvers-shard-00-00.yzgtx.mongodb.net:27017, hosts=[devupvers-shard-00-00.yzgtx.mongodb.net:27017, devupvers-shard-00-01.yzgtx.mongodb.net:27017, devupvers-shard-00-02.yzgtx.mongodb.net:27017], passives=[], arbiters=[], primary='devupvers-shard-00-01.yzgtx.mongodb.net:27017', tagSet=TagSet{[Tag{name='availabilityZone', value='aps1-az1'}, Tag{name='diskState', value='READY'}, Tag{name='nodeType', value='ELECTABLE'}, Tag{name='provider', value='AWS'}, Tag{name='region', value='AP_SOUTH_1'}, Tag{name='workloadType', value='OPERATIONAL'}]}, electionId=null, setVersion=139, topologyVersion=TopologyVersion{processId=6766df6357e4db62c97ca840, counter=4}, lastWriteDate=Mon Dec 23 11:40:10 IST 2024, lastUpdateTimeNanos=266255151900}
2024-12-23T11:40:08.826+05:30  INFO 5168 --- [Devupers] [           main] com.devupvers.App.AppApplicationTests    : Started AppApplicationTests in 2.571 seconds (process running for 4.891)
]]></system-out>
  </testcase>
</testsuite>